<?xml version="1.0" encoding="UTF-8"?>
<!-- Generated by org.testng.reporters.JUnitReportReporter -->
<testsuite hostname="DESKTOP-BFDA5P9" failures="0" tests="1" name="DataDrivenTesting.ReadDataFromExcelRowAndCol" time="2.167" errors="0" timestamp="2024-05-14T19:26:30 IST" skipped="0">
  <testcase classname="DataDrivenTesting.ReadDataFromExcelRowAndCol" name="readData" time="2.167"/>
  <system-out/>
</testsuite> <!-- DataDrivenTesting.ReadDataFromExcelRowAndCol -->
