<?xml version="1.0" encoding="UTF-8"?>
<!-- Generated by org.testng.reporters.JUnitReportReporter -->
<testsuite hostname="DESKTOP-BFDA5P9" failures="0" tests="2" name="DataProvider.DataProviderBasic2" time="29.243" errors="0" timestamp="2024-05-18T08:48:19 IST" skipped="0">
  <testcase classname="DataProvider.DataProviderBasic2" name="receiver" time="13.199"/>
  <system-out/>
  <testcase classname="DataProvider.DataProviderBasic2" name="receiver" time="16.044"/>
  <system-out/>
</testsuite> <!-- DataProvider.DataProviderBasic2 -->
