<?xml version="1.0" encoding="UTF-8"?>
<!-- Generated by org.testng.reporters.JUnitReportReporter -->
<testsuite hostname="DESKTOP-BFDA5P9" failures="0" tests="1" name="Assignment.GiftCard" time="15.399" errors="0" timestamp="2024-05-21T13:51:47 IST" skipped="0">
  <testcase classname="Assignment.GiftCard" name="giftCard" time="15.399"/>
  <system-out/>
</testsuite> <!-- Assignment.GiftCard -->
