<?xml version="1.0" encoding="UTF-8"?>
<!-- Generated by org.testng.reporters.JUnitReportReporter -->
<testsuite hostname="DESKTOP-BFDA5P9" failures="0" tests="1" name="Assignment.Assignment1_prime" time="1.219" errors="0" timestamp="2024-05-14T20:03:28 IST" skipped="0">
  <testcase classname="Assignment.Assignment1_prime" name="readData" time="1.219"/>
  <system-out/>
</testsuite> <!-- Assignment.Assignment1_prime -->
