<?xml version="1.0" encoding="UTF-8"?>
<!-- Generated by org.testng.reporters.JUnitReportReporter -->
<testsuite hostname="DESKTOP-BFDA5P9" failures="0" tests="5" name="HelperMethods.InnovationCount" time="141.950" errors="0" timestamp="2024-05-16T12:14:38 IST" skipped="0">
  <testcase classname="HelperMethods.InnovationCount" name="MumbaiI" time="68.725"/>
  <system-out/>
  <testcase classname="HelperMethods.InnovationCount" name="rcb" time="30.162"/>
  <system-out/>
  <testcase classname="HelperMethods.InnovationCount" name="csk" time="12.740"/>
  <system-out/>
  <testcase classname="HelperMethods.InnovationCount" name="demo" time="14.075"/>
  <system-out/>
  <testcase classname="HelperMethods.InnovationCount" name="demo" time="16.248"/>
  <system-out/>
</testsuite> <!-- HelperMethods.InnovationCount -->
