<?xml version="1.0" encoding="UTF-8"?>
<!-- Generated by org.testng.reporters.JUnitReportReporter -->
<testsuite hostname="DESKTOP-BFDA5P9" failures="0" tests="1" name="DataDrivenTesting.ReadDataFromPropertyFile" time="42.388" errors="0" timestamp="2024-05-15T12:31:03 IST" skipped="0">
  <testcase classname="DataDrivenTesting.ReadDataFromPropertyFile" name="ReadData" time="42.388"/>
  <system-out/>
</testsuite> <!-- DataDrivenTesting.ReadDataFromPropertyFile -->
