<?xml version="1.0" encoding="UTF-8"?>
<!-- Generated by org.testng.reporters.JUnitReportReporter -->
<testsuite hostname="DESKTOP-BFDA5P9" failures="0" tests="1" name="DataDrivenTesting.ReadDataFromExcel" time="1.329" errors="0" timestamp="2024-05-11T21:29:55 IST" skipped="0">
  <testcase classname="DataDrivenTesting.ReadDataFromExcel" name="readData" time="1.329"/>
  <system-out/>
</testsuite> <!-- DataDrivenTesting.ReadDataFromExcel -->
