<?xml version="1.0" encoding="UTF-8"?>
<!-- Generated by org.testng.reporters.JUnitReportReporter -->
<testsuite hostname="DESKTOP-BFDA5P9" failures="0" tests="2" name="DataProvider.DataProviderBasic1" time="42.857" errors="0" timestamp="2024-05-18T08:42:58 IST" skipped="0">
  <testcase classname="DataProvider.DataProviderBasic1" name="receiver" time="14.954"/>
  <system-out/>
  <testcase classname="DataProvider.DataProviderBasic1" name="receiver" time="27.903"/>
  <system-out/>
</testsuite> <!-- DataProvider.DataProviderBasic1 -->
