<?xml version="1.0" encoding="UTF-8"?>
<!-- Generated by org.testng.reporters.JUnitReportReporter -->
<testsuite hostname="DESKTOP-BFDA5P9" failures="0" tests="1" name="TestNgBasic.GiftCard" time="8.771" errors="0" timestamp="2024-05-11T21:49:23 IST" skipped="0">
  <testcase classname="TestNgBasic.GiftCard" name="giftCard" time="8.771"/>
  <system-out/>
</testsuite> <!-- TestNgBasic.GiftCard -->
