<?xml version="1.0" encoding="UTF-8"?>
<!-- Generated by org.testng.reporters.JUnitReportReporter -->
<testsuite hostname="DESKTOP-BFDA5P9" failures="0" tests="2" name="Basic.ChronologicalOrder" time="0.019" errors="0" timestamp="2024-05-10T16:14:48 IST" skipped="0">
  <testcase classname="Basic.ChronologicalOrder" name="testCase1" time="0.012"/>
  <system-out/>
  <testcase classname="Basic.ChronologicalOrder" name="testCase2" time="0.007"/>
  <system-out/>
</testsuite> <!-- Basic.ChronologicalOrder -->
