<?xml version="1.0" encoding="UTF-8"?>
<!-- Generated by org.testng.reporters.JUnitReportReporter -->
<testsuite hostname="DESKTOP-BFDA5P9" failures="0" tests="1" name="Assertions.AssertEqual" time="9.709" errors="0" timestamp="2024-05-21T11:19:54 IST" skipped="0">
  <testcase classname="Assertions.AssertEqual" name="hardAssert" time="9.709"/>
  <system-out/>
</testsuite> <!-- Assertions.AssertEqual -->
