<?xml version="1.0" encoding="UTF-8"?>
<!-- Generated by org.testng.reporters.JUnitReportReporter -->
<testsuite hostname="DESKTOP-BFDA5P9" failures="0" tests="1" name="Assignment.Assignment_Scrolling" time="13.014" errors="0" timestamp="2024-05-21T19:24:23 IST" skipped="0">
  <testcase classname="Assignment.Assignment_Scrolling" name="scrolling" time="13.014"/>
  <system-out/>
</testsuite> <!-- Assignment.Assignment_Scrolling -->
