<?xml version="1.0" encoding="UTF-8"?>
<!-- Generated by org.testng.reporters.JUnitReportReporter -->
<testsuite hostname="DESKTOP-BFDA5P9" failures="0" tests="5" name="Basic.WatchesBrand" time="76.625" errors="0" timestamp="2024-05-09T19:34:35 IST" skipped="0">
  <testcase classname="Basic.WatchesBrand" name="omega" time="6.995"/>
  <testcase classname="Basic.WatchesBrand" name="rolex" time="6.594"/>
  <testcase classname="Basic.WatchesBrand" name="sonata" time="19.394"/>
  <testcase classname="Basic.WatchesBrand" name="titan" time="18.909"/>
  <testcase classname="Basic.WatchesBrand" name="fastrack" time="24.733"/>
</testsuite> <!-- Basic.WatchesBrand -->
