<?xml version="1.0" encoding="UTF-8"?>
<!-- Generated by org.testng.reporters.JUnitReportReporter -->
<testsuite hostname="DESKTOP-BFDA5P9" failures="0" tests="1" name="DataDrivenTesting.DataFromXmlFile" time="4.839" errors="0" timestamp="2024-05-21T09:28:08 IST" skipped="0">
  <testcase classname="DataDrivenTesting.DataFromXmlFile" name="dataFromXml" time="4.839"/>
  <system-out/>
</testsuite> <!-- DataDrivenTesting.DataFromXmlFile -->
