<?xml version="1.0" encoding="UTF-8"?>
<!-- Generated by org.testng.reporters.JUnitReportReporter -->
<testsuite hostname="DESKTOP-BFDA5P9" failures="0" tests="1" name="DataDrivenTesting.ReadDataFromExcelDyreceive" time="1.218" errors="0" timestamp="2024-05-14T19:44:15 IST" skipped="0">
  <testcase classname="DataDrivenTesting.ReadDataFromExcelDyreceive" name="readData" time="1.218"/>
  <system-out/>
</testsuite> <!-- DataDrivenTesting.ReadDataFromExcelDyreceive -->
