<?xml version="1.0" encoding="UTF-8"?>
<!-- Generated by org.testng.reporters.JUnitReportReporter -->
<testsuite hostname="DESKTOP-BFDA5P9" failures="0" tests="1" name="Assignment.Assignment2_isevenodd" time="1.345" errors="0" timestamp="2024-05-14T20:08:11 IST" skipped="0">
  <testcase classname="Assignment.Assignment2_isevenodd" name="readData" time="1.345"/>
  <system-out/>
</testsuite> <!-- Assignment.Assignment2_isevenodd -->
