<?xml version="1.0" encoding="UTF-8"?>
<!-- Generated by org.testng.reporters.JUnitReportReporter -->
<testsuite hostname="DESKTOP-BFDA5P9" failures="0" tests="1" name="DataDrivenTesting.ReadDataFromExcelCellno" time="1.267" errors="0" timestamp="2024-05-14T19:22:26 IST" skipped="0">
  <testcase classname="DataDrivenTesting.ReadDataFromExcelCellno" name="readData" time="1.267"/>
  <system-out/>
</testsuite> <!-- DataDrivenTesting.ReadDataFromExcelCellno -->
