<?xml version="1.0" encoding="UTF-8"?>
<!-- Generated by org.testng.reporters.JUnitReportReporter -->
<testsuite hostname="DESKTOP-BFDA5P9" failures="0" tests="1" name="TestNgBasic.AddProduct" time="8.027" errors="0" timestamp="2024-05-11T12:39:01 IST" skipped="0">
  <testcase classname="TestNgBasic.AddProduct" name="addProduct" time="8.027"/>
  <system-out/>
</testsuite> <!-- TestNgBasic.AddProduct -->
