<?xml version="1.0" encoding="UTF-8"?>
<!-- Generated by org.testng.reporters.JUnitReportReporter -->
<testsuite hostname="DESKTOP-BFDA5P9" failures="0" tests="1" name="PageObjectModel.DWSLogin" time="58.096" errors="0" timestamp="2024-05-31T10:08:58 IST" skipped="0">
  <testcase classname="PageObjectModel.DWSLogin" name="login" time="58.096"/>
  <system-out/>
</testsuite> <!-- PageObjectModel.DWSLogin -->
