<?xml version="1.0" encoding="UTF-8"?>
<!-- Generated by org.testng.reporters.JUnitReportReporter -->
<testsuite hostname="DESKTOP-BFDA5P9" failures="0" tests="5" name="Basic.ShoesBrand" time="98.891" errors="0" timestamp="2024-05-09T19:20:57 IST" skipped="0">
  <testcase classname="Basic.ShoesBrand" name="nike" time="13.889"/>
  <testcase classname="Basic.ShoesBrand" name="adidas" time="15.779"/>
  <testcase classname="Basic.ShoesBrand" name="reebok" time="28.803"/>
  <testcase classname="Basic.ShoesBrand" name="bata" time="16.547"/>
  <testcase classname="Basic.ShoesBrand" name="puma" time="23.873"/>
</testsuite> <!-- Basic.ShoesBrand -->
